<?xml version="1.0" encoding="UTF-8"?>
<!-- Generated by org.testng.reporters.JUnitReportReporter -->
<testsuite skipped="1" hostname="LAPTOP-CIKHNOBN" name="executionclasses.Testclass1" tests="5" failures="0" timestamp="2020-02-27T10:48:35 IST" time="0.075" errors="0">
  <testcase name="dtest" time="0.038" classname="executionclasses.Testclass1"/>
  <testcase name="btest" time="0.012" classname="executionclasses.Testclass1"/>
  <testcase name="atest" time="0.016" classname="executionclasses.Testclass1"/>
  <testcase name="atest" time="0.009" classname="executionclasses.Testclass1"/>
  <testcase name="ctest" classname="executionclasses.Testclass1">
    <skipped/>
  </testcase> <!-- ctest -->
</testsuite> <!-- executionclasses.Testclass1 -->
