<?xml version="1.0" encoding="UTF-8"?>
<!-- Generated by org.testng.reporters.JUnitReportReporter -->
<testsuite skipped="0" hostname="LAPTOP-CIKHNOBN" name="executionclasses.TestNG" tests="1" failures="0" timestamp="2020-02-25T12:46:28 IST" time="0.022" errors="0">
  <testcase name="test" time="0.022" classname="executionclasses.TestNG"/>
</testsuite> <!-- executionclasses.TestNG -->
